Using pre-set license
Built from '6000.0/staging' branch; Version is '6000.0.28f1 (f336aca0cab5) revision 15939244'; Using compiler version '193933523'; Build Type 'Release'
OS: 'Windows 10  (10.0.19045) 64bit Core' Language: 'pl' Physical Memory: 16332 MB
BatchMode: 1, IsHumanControllingUs: 0, StartBugReporterOnCrash: 0, Is64bit: 1, IsPro: 1

COMMAND LINE ARGUMENTS:
C:\Program Files\Unity\Hub\Editor\6000.0.28f1\Editor\Unity.exe
-adb2
-batchMode
-noUpm
-name
AssetImportWorker4
-projectPath
C:/Users/lmala/OneDrive/Pulpit/GitHub/TD2/TowerDefense
-logFile
Logs/AssetImportWorker4.log
-srvPort
63076
-job-worker-count
5
-background-job-worker-count
8
-asset-garbage-collectors
1
Successfully changed project path to: C:/Users/lmala/OneDrive/Pulpit/GitHub/TD2/TowerDefense
C:/Users/lmala/OneDrive/Pulpit/GitHub/TD2/TowerDefense
[UnityMemory] Configuration Parameters - Can be set up in boot.config
    "memorysetup-bucket-allocator-granularity=16"
    "memorysetup-bucket-allocator-bucket-count=8"
    "memorysetup-bucket-allocator-block-size=33554432"
    "memorysetup-bucket-allocator-block-count=8"
    "memorysetup-main-allocator-block-size=16777216"
    "memorysetup-thread-allocator-block-size=16777216"
    "memorysetup-gfx-main-allocator-block-size=16777216"
    "memorysetup-gfx-thread-allocator-block-size=16777216"
    "memorysetup-cache-allocator-block-size=4194304"
    "memorysetup-typetree-allocator-block-size=2097152"
    "memorysetup-profiler-bucket-allocator-granularity=16"
    "memorysetup-profiler-bucket-allocator-bucket-count=8"
    "memorysetup-profiler-bucket-allocator-block-size=33554432"
    "memorysetup-profiler-bucket-allocator-block-count=8"
    "memorysetup-profiler-allocator-block-size=16777216"
    "memorysetup-profiler-editor-allocator-block-size=1048576"
    "memorysetup-temp-allocator-size-main=16777216"
    "memorysetup-job-temp-allocator-block-size=2097152"
    "memorysetup-job-temp-allocator-block-size-background=1048576"
    "memorysetup-job-temp-allocator-reduction-small-platforms=262144"
    "memorysetup-allocator-temp-initial-block-size-main=262144"
    "memorysetup-allocator-temp-initial-block-size-worker=262144"
    "memorysetup-temp-allocator-size-background-worker=32768"
    "memorysetup-temp-allocator-size-job-worker=262144"
    "memorysetup-temp-allocator-size-preload-manager=33554432"
    "memorysetup-temp-allocator-size-nav-mesh-worker=65536"
    "memorysetup-temp-allocator-size-audio-worker=65536"
    "memorysetup-temp-allocator-size-cloud-worker=32768"
    "memorysetup-temp-allocator-size-gi-baking-worker=262144"
    "memorysetup-temp-allocator-size-gi-baking-worker=262144"
    "memorysetup-temp-allocator-size-gi-baking-worker=262144"
    "memorysetup-temp-allocator-size-gi-baking-worker=262144"
    "memorysetup-temp-allocator-size-gi-baking-worker=262144"
    "memorysetup-temp-allocator-size-gfx=262144"
Player connection [71048]  Target information:

Player connection [71048]  * "[IP] 192.168.0.120 [Port] 0 [Flags] 2 [Guid] 569885120 [EditorId] 569885120 [Version] 1048832 [Id] WindowsEditor(7,DESKTOP-DCLRBES) [Debug] 1 [PackageName] WindowsEditor [ProjectName] Editor" 

Player connection [71048] Host joined multi-casting on [225.0.0.222:54997]...
Player connection [71048] Host joined alternative multi-casting on [225.0.0.222:34997]...
JobSystem: Creating JobQueue using job-worker-count value 5
[Physics::Module] Initialized fallback backend.
[Physics::Module] Id: 0xdecafbad
Library Redirect Path: Library/
[Physics::Module] Selected backend.
[Physics::Module] Name: PhysX
[Physics::Module] Id: 0xf2b8ea05
[Physics::Module] SDK Version: 4.1.2
[Physics::Module] Integration Version: 1.0.0
[Physics::Module] Threading Mode: Multi-Threaded
Refreshing native plugins compatible for Editor in 6.06 ms, found 3 plugins.
Preloading 0 native plugins for Editor in 0.00 ms.
Initialize engine version: 6000.0.28f1 (f336aca0cab5)
[Subsystems] Discovering subsystems at path C:/Program Files/Unity/Hub/Editor/6000.0.28f1/Editor/Data/Resources/UnitySubsystems
[Subsystems] Discovering subsystems at path C:/Users/lmala/OneDrive/Pulpit/GitHub/TD2/TowerDefense/Assets
GfxDevice: creating device client; kGfxThreadingModeNonThreaded
Direct3D:
    Version:  Direct3D 11.0 [level 11.1]
    Renderer: AMD Radeon RX 6600 XT (ID=0x73ff)
    Vendor:   ATI
    VRAM:     8121 MB
    Driver:   32.0.12033.1030
Initialize mono
Mono path[0] = 'C:/Program Files/Unity/Hub/Editor/6000.0.28f1/Editor/Data/Managed'
Mono path[1] = 'C:/Program Files/Unity/Hub/Editor/6000.0.28f1/Editor/Data/MonoBleedingEdge/lib/mono/unityjit-win32'
Mono config path = 'C:/Program Files/Unity/Hub/Editor/6000.0.28f1/Editor/Data/MonoBleedingEdge/etc'
Using monoOptions --debugger-agent=transport=dt_socket,embedding=1,server=y,suspend=n,address=127.0.0.1:56196
Begin MonoManager ReloadAssembly
Registering precompiled unity dll's ...
Register platform support module: C:/Program Files/Unity/Hub/Editor/6000.0.28f1/Editor/Data/PlaybackEngines/WindowsStandaloneSupport/UnityEditor.WindowsStandalone.Extensions.dll
Registered in 0.006792 seconds.
- Loaded All Assemblies, in  0.800 seconds
Native extension for WindowsStandalone target not found
Mono: successfully reloaded assembly
- Finished resetting the current domain, in  0.560 seconds
Domain Reload Profiling: 1350ms
	BeginReloadAssembly (263ms)
		ExecutionOrderSort (0ms)
		DisableScriptedObjects (0ms)
		BackupInstance (0ms)
		ReleaseScriptingObjects (0ms)
		CreateAndSetChildDomain (1ms)
	RebuildCommonClasses (63ms)
	RebuildNativeTypeToScriptingClass (22ms)
	initialDomainReloadingComplete (101ms)
	LoadAllAssembliesAndSetupDomain (339ms)
		LoadAssemblies (254ms)
		RebuildTransferFunctionScriptingTraits (0ms)
		AnalyzeDomain (333ms)
			TypeCache.Refresh (330ms)
				TypeCache.ScanAssembly (305ms)
			BuildScriptInfoCaches (0ms)
			ResolveRequiredComponents (1ms)
	FinalizeReload (561ms)
		ReleaseScriptCaches (0ms)
		RebuildScriptCaches (0ms)
		SetupLoadedEditorAssemblies (487ms)
			LogAssemblyErrors (0ms)
			InitializePlatformSupportModulesInManaged (54ms)
			SetLoadedEditorAssemblies (12ms)
			BeforeProcessingInitializeOnLoad (12ms)
			ProcessInitializeOnLoadAttributes (308ms)
			ProcessInitializeOnLoadMethodAttributes (96ms)
			AfterProcessingInitializeOnLoad (4ms)
			EditorAssembliesLoaded (0ms)
		ExecutionOrderSort2 (0ms)
		AwakeInstancesAfterBackupRestoration (0ms)
========================================================================
Worker process is ready to serve import requests
Import Worker Mode flag is 0x00
Begin MonoManager ReloadAssembly
- Loaded All Assemblies, in  2.144 seconds
Refreshing native plugins compatible for Editor in 1.51 ms, found 3 plugins.
Native extension for WindowsStandalone target not found
[MODES] ModeService[none].Initialize
[MODES] ModeService[none].LoadModes
[MODES] Loading mode Default (0) for mode-current-id-TD
Mono: successfully reloaded assembly
- Finished resetting the current domain, in  1.415 seconds
Domain Reload Profiling: 3547ms
	BeginReloadAssembly (1201ms)
		ExecutionOrderSort (0ms)
		DisableScriptedObjects (8ms)
		BackupInstance (0ms)
		ReleaseScriptingObjects (0ms)
		CreateAndSetChildDomain (33ms)
	RebuildCommonClasses (47ms)
	RebuildNativeTypeToScriptingClass (15ms)
	initialDomainReloadingComplete (60ms)
	LoadAllAssembliesAndSetupDomain (808ms)
		LoadAssemblies (611ms)
		RebuildTransferFunctionScriptingTraits (0ms)
		AnalyzeDomain (337ms)
			TypeCache.Refresh (247ms)
				TypeCache.ScanAssembly (227ms)
			BuildScriptInfoCaches (79ms)
			ResolveRequiredComponents (8ms)
	FinalizeReload (1416ms)
		ReleaseScriptCaches (0ms)
		RebuildScriptCaches (0ms)
		SetupLoadedEditorAssemblies (1168ms)
			LogAssemblyErrors (0ms)
			InitializePlatformSupportModulesInManaged (4ms)
			SetLoadedEditorAssemblies (9ms)
			BeforeProcessingInitializeOnLoad (203ms)
			ProcessInitializeOnLoadAttributes (819ms)
			ProcessInitializeOnLoadMethodAttributes (115ms)
			AfterProcessingInitializeOnLoad (17ms)
			EditorAssembliesLoaded (0ms)
		ExecutionOrderSort2 (0ms)
		AwakeInstancesAfterBackupRestoration (8ms)
Launched and connected shader compiler UnityShaderCompiler.exe after 0.03 seconds
Refreshing native plugins compatible for Editor in 1.51 ms, found 3 plugins.
Preloading 0 native plugins for Editor in 0.00 ms.
Unloading 93 Unused Serialized files (Serialized files now loaded: 0)
Unloading 5534 unused Assets / (5.2 MB). Loaded Objects now: 6169.
Memory consumption went from 171.6 MB to 166.4 MB.
Total: 9.467400 ms (FindLiveObjects: 0.640000 ms CreateObjectMapping: 0.399300 ms MarkObjects: 5.994400 ms  DeleteObjects: 2.432600 ms)

========================================================================
Received Import Request.
  Time since last request: 2070605.899757 seconds.
  path: Assets/Ork berserker/prefab/ork berserk prefab.prefab
  artifactKey: Guid(03228ebb154d829419e0ed3940352524) Importer(815301076,1909f56bfc062723c751e8b465ee728b)
Start importing Assets/Ork berserker/prefab/ork berserk prefab.prefab using Guid(03228ebb154d829419e0ed3940352524) Importer(815301076,1909f56bfc062723c751e8b465ee728b) (PreviewImporter) -> (artifact id: 'fff3e8a8fe09c254dd8fc00b3a476f7b') in 0.2320798 seconds
Number of updated asset objects reloaded before import = 0Number of asset objects unloaded after import = 711

========================================================================
Received Import Request.
  Time since last request: 8.456020 seconds.
  path: Assets/Ork berserker/prefab/ork berserk prefab.prefab
  artifactKey: Guid(03228ebb154d829419e0ed3940352524) Importer(815301076,1909f56bfc062723c751e8b465ee728b)
Start importing Assets/Ork berserker/prefab/ork berserk prefab.prefab using Guid(03228ebb154d829419e0ed3940352524) Importer(815301076,1909f56bfc062723c751e8b465ee728b) (PreviewImporter) -> (artifact id: '26c650a24f9329b7f5f1d62661f9d459') in 0.1078556 seconds
Number of updated asset objects reloaded before import = 0Number of asset objects unloaded after import = 713

========================================================================
Received Import Request.
  Time since last request: 24.587609 seconds.
  path: Assets/Ork berserker/prefab/ork berserk prefab.prefab
  artifactKey: Guid(03228ebb154d829419e0ed3940352524) Importer(815301076,1909f56bfc062723c751e8b465ee728b)
Start importing Assets/Ork berserker/prefab/ork berserk prefab.prefab using Guid(03228ebb154d829419e0ed3940352524) Importer(815301076,1909f56bfc062723c751e8b465ee728b) (PreviewImporter) -> (artifact id: '3875c8dfb3e2c01b845f92e62d52493e') in 0.1355649 seconds
Number of updated asset objects reloaded before import = 0Number of asset objects unloaded after import = 757

========================================================================
Received Import Request.
  Time since last request: 27.166546 seconds.
  path: Assets/Ork berserker/prefab/ork berserk prefab.prefab
  artifactKey: Guid(03228ebb154d829419e0ed3940352524) Importer(815301076,1909f56bfc062723c751e8b465ee728b)
Start importing Assets/Ork berserker/prefab/ork berserk prefab.prefab using Guid(03228ebb154d829419e0ed3940352524) Importer(815301076,1909f56bfc062723c751e8b465ee728b) (PreviewImporter) -> (artifact id: 'b0541996bc33397633ba008cb006d229') in 0.1268832 seconds
Number of updated asset objects reloaded before import = 0Number of asset objects unloaded after import = 758

========================================================================
Received Prepare
Begin MonoManager ReloadAssembly
- Loaded All Assemblies, in  1.243 seconds
Refreshing native plugins compatible for Editor in 2.00 ms, found 3 plugins.
Native extension for WindowsStandalone target not found
[MODES] ModeService[none].Initialize
[MODES] ModeService[none].LoadModes
Mono: successfully reloaded assembly
- Finished resetting the current domain, in  1.800 seconds
Domain Reload Profiling: 3035ms
	BeginReloadAssembly (305ms)
		ExecutionOrderSort (0ms)
		DisableScriptedObjects (8ms)
		BackupInstance (0ms)
		ReleaseScriptingObjects (0ms)
		CreateAndSetChildDomain (69ms)
	RebuildCommonClasses (60ms)
	RebuildNativeTypeToScriptingClass (17ms)
	initialDomainReloadingComplete (52ms)
	LoadAllAssembliesAndSetupDomain (800ms)
		LoadAssemblies (631ms)
		RebuildTransferFunctionScriptingTraits (0ms)
		AnalyzeDomain (329ms)
			TypeCache.Refresh (7ms)
				TypeCache.ScanAssembly (0ms)
			BuildScriptInfoCaches (306ms)
			ResolveRequiredComponents (12ms)
	FinalizeReload (1800ms)
		ReleaseScriptCaches (0ms)
		RebuildScriptCaches (0ms)
		SetupLoadedEditorAssemblies (1468ms)
			LogAssemblyErrors (0ms)
			InitializePlatformSupportModulesInManaged (4ms)
			SetLoadedEditorAssemblies (10ms)
			BeforeProcessingInitializeOnLoad (268ms)
			ProcessInitializeOnLoadAttributes (1008ms)
			ProcessInitializeOnLoadMethodAttributes (154ms)
			AfterProcessingInitializeOnLoad (24ms)
			EditorAssembliesLoaded (0ms)
		ExecutionOrderSort2 (0ms)
		AwakeInstancesAfterBackupRestoration (9ms)
Refreshing native plugins compatible for Editor in 1.86 ms, found 3 plugins.
Preloading 0 native plugins for Editor in 0.00 ms.
Unloading 29 Unused Serialized files (Serialized files now loaded: 0)
Unloading 5533 unused Assets / (6.3 MB). Loaded Objects now: 6181.
Memory consumption went from 164.7 MB to 158.4 MB.
Total: 14.033900 ms (FindLiveObjects: 0.802000 ms CreateObjectMapping: 1.044900 ms MarkObjects: 8.181500 ms  DeleteObjects: 4.003800 ms)

Prepare: number of updated asset objects reloaded= 0
========================================================================
Received Import Request.
  Time since last request: 31.419696 seconds.
  path: Assets/Ork berserker/Ork berserker Animator Controller.controller
  artifactKey: Guid(7ddf624c3b9565043a6a67d7f7353a77) Importer(815301076,1909f56bfc062723c751e8b465ee728b)
Start importing Assets/Ork berserker/Ork berserker Animator Controller.controller using Guid(7ddf624c3b9565043a6a67d7f7353a77) Importer(815301076,1909f56bfc062723c751e8b465ee728b) (PreviewImporter) -> (artifact id: 'acc9b1096b615cf509ddaa315f8ef08c') in 0.0429443 seconds
Number of updated asset objects reloaded before import = 0Number of asset objects unloaded after import = 48

========================================================================
Received Prepare
Begin MonoManager ReloadAssembly
- Loaded All Assemblies, in  1.280 seconds
Refreshing native plugins compatible for Editor in 1.73 ms, found 3 plugins.
Native extension for WindowsStandalone target not found
[MODES] ModeService[none].Initialize
[MODES] ModeService[none].LoadModes
Mono: successfully reloaded assembly
- Finished resetting the current domain, in  1.751 seconds
Domain Reload Profiling: 3017ms
	BeginReloadAssembly (276ms)
		ExecutionOrderSort (0ms)
		DisableScriptedObjects (7ms)
		BackupInstance (0ms)
		ReleaseScriptingObjects (0ms)
		CreateAndSetChildDomain (56ms)
	RebuildCommonClasses (47ms)
	RebuildNativeTypeToScriptingClass (20ms)
	initialDomainReloadingComplete (52ms)
	LoadAllAssembliesAndSetupDomain (870ms)
		LoadAssemblies (693ms)
		RebuildTransferFunctionScriptingTraits (0ms)
		AnalyzeDomain (326ms)
			TypeCache.Refresh (7ms)
				TypeCache.ScanAssembly (0ms)
			BuildScriptInfoCaches (305ms)
			ResolveRequiredComponents (10ms)
	FinalizeReload (1751ms)
		ReleaseScriptCaches (0ms)
		RebuildScriptCaches (0ms)
		SetupLoadedEditorAssemblies (1432ms)
			LogAssemblyErrors (0ms)
			InitializePlatformSupportModulesInManaged (3ms)
			SetLoadedEditorAssemblies (9ms)
			BeforeProcessingInitializeOnLoad (268ms)
			ProcessInitializeOnLoadAttributes (967ms)
			ProcessInitializeOnLoadMethodAttributes (158ms)
			AfterProcessingInitializeOnLoad (26ms)
			EditorAssembliesLoaded (1ms)
		ExecutionOrderSort2 (0ms)
		AwakeInstancesAfterBackupRestoration (10ms)
Refreshing native plugins compatible for Editor in 1.73 ms, found 3 plugins.
Preloading 0 native plugins for Editor in 0.00 ms.
Unloading 29 Unused Serialized files (Serialized files now loaded: 0)
Unloading 5533 unused Assets / (5.4 MB). Loaded Objects now: 6183.
Memory consumption went from 164.7 MB to 159.3 MB.
Total: 12.475100 ms (FindLiveObjects: 0.782900 ms CreateObjectMapping: 0.976200 ms MarkObjects: 7.041600 ms  DeleteObjects: 3.672200 ms)

Prepare: number of updated asset objects reloaded= 0
========================================================================
Received Import Request.
  Time since last request: 33.704942 seconds.
  path: Assets/Ork berserker/Ork berserker Animator Controller.controller
  artifactKey: Guid(7ddf624c3b9565043a6a67d7f7353a77) Importer(815301076,1909f56bfc062723c751e8b465ee728b)
Start importing Assets/Ork berserker/Ork berserker Animator Controller.controller using Guid(7ddf624c3b9565043a6a67d7f7353a77) Importer(815301076,1909f56bfc062723c751e8b465ee728b) (PreviewImporter) -> (artifact id: '00f64070cee830e082ac1eea338fac4f') in 0.0337398 seconds
Number of updated asset objects reloaded before import = 0Number of asset objects unloaded after import = 4

========================================================================
Received Import Request.
  Time since last request: 47.634524 seconds.
  path: Assets/Ork berserker/prefab/ork berserk prefab.prefab
  artifactKey: Guid(03228ebb154d829419e0ed3940352524) Importer(815301076,1909f56bfc062723c751e8b465ee728b)
Start importing Assets/Ork berserker/prefab/ork berserk prefab.prefab using Guid(03228ebb154d829419e0ed3940352524) Importer(815301076,1909f56bfc062723c751e8b465ee728b) (PreviewImporter) -> (artifact id: '92b3934de21dcd049328532e8ef5409e') in 0.3792534 seconds
Number of updated asset objects reloaded before import = 0Number of asset objects unloaded after import = 714

========================================================================
Received Import Request.
  Time since last request: 20.959062 seconds.
  path: Assets/Ork berserker/prefab/ork berserk prefab.prefab
  artifactKey: Guid(03228ebb154d829419e0ed3940352524) Importer(815301076,1909f56bfc062723c751e8b465ee728b)
Start importing Assets/Ork berserker/prefab/ork berserk prefab.prefab using Guid(03228ebb154d829419e0ed3940352524) Importer(815301076,1909f56bfc062723c751e8b465ee728b) (PreviewImporter) -> (artifact id: 'fc240d5b5e83dc5f888e828f48d9f64e') in 0.1081775 seconds
Number of updated asset objects reloaded before import = 0Number of asset objects unloaded after import = 714

========================================================================
Received Prepare
Begin MonoManager ReloadAssembly
- Loaded All Assemblies, in  1.237 seconds
Refreshing native plugins compatible for Editor in 1.72 ms, found 3 plugins.
Native extension for WindowsStandalone target not found
[MODES] ModeService[none].Initialize
[MODES] ModeService[none].LoadModes
Mono: successfully reloaded assembly
- Finished resetting the current domain, in  1.770 seconds
Domain Reload Profiling: 2997ms
	BeginReloadAssembly (279ms)
		ExecutionOrderSort (0ms)
		DisableScriptedObjects (11ms)
		BackupInstance (0ms)
		ReleaseScriptingObjects (0ms)
		CreateAndSetChildDomain (58ms)
	RebuildCommonClasses (60ms)
	RebuildNativeTypeToScriptingClass (22ms)
	initialDomainReloadingComplete (48ms)
	LoadAllAssembliesAndSetupDomain (816ms)
		LoadAssemblies (633ms)
		RebuildTransferFunctionScriptingTraits (0ms)
		AnalyzeDomain (333ms)
			TypeCache.Refresh (8ms)
				TypeCache.ScanAssembly (0ms)
			BuildScriptInfoCaches (310ms)
			ResolveRequiredComponents (11ms)
	FinalizeReload (1771ms)
		ReleaseScriptCaches (0ms)
		RebuildScriptCaches (0ms)
		SetupLoadedEditorAssemblies (1455ms)
			LogAssemblyErrors (0ms)
			InitializePlatformSupportModulesInManaged (3ms)
			SetLoadedEditorAssemblies (11ms)
			BeforeProcessingInitializeOnLoad (270ms)
			ProcessInitializeOnLoadAttributes (993ms)
			ProcessInitializeOnLoadMethodAttributes (154ms)
			AfterProcessingInitializeOnLoad (23ms)
			EditorAssembliesLoaded (0ms)
		ExecutionOrderSort2 (0ms)
		AwakeInstancesAfterBackupRestoration (9ms)
Refreshing native plugins compatible for Editor in 2.16 ms, found 3 plugins.
Preloading 0 native plugins for Editor in 0.00 ms.
Unloading 29 Unused Serialized files (Serialized files now loaded: 0)
Unloading 5533 unused Assets / (5.4 MB). Loaded Objects now: 6185.
Memory consumption went from 164.7 MB to 159.3 MB.
Total: 15.682700 ms (FindLiveObjects: 0.756600 ms CreateObjectMapping: 0.644400 ms MarkObjects: 10.531400 ms  DeleteObjects: 3.748400 ms)

Prepare: number of updated asset objects reloaded= 0
========================================================================
Received Import Request.
  Time since last request: 64.814777 seconds.
  path: Assets/Ork berserker/prefab/ork berserk prefab.prefab
  artifactKey: Guid(03228ebb154d829419e0ed3940352524) Importer(815301076,1909f56bfc062723c751e8b465ee728b)
Start importing Assets/Ork berserker/prefab/ork berserk prefab.prefab using Guid(03228ebb154d829419e0ed3940352524) Importer(815301076,1909f56bfc062723c751e8b465ee728b) (PreviewImporter) -> (artifact id: 'bc3e093443f1178df26898f6e385f1ed') in 0.1947486 seconds
Number of updated asset objects reloaded before import = 0Number of asset objects unloaded after import = 715

========================================================================
Received Prepare
Begin MonoManager ReloadAssembly
- Loaded All Assemblies, in  1.230 seconds
Refreshing native plugins compatible for Editor in 2.02 ms, found 3 plugins.
Native extension for WindowsStandalone target not found
[MODES] ModeService[none].Initialize
[MODES] ModeService[none].LoadModes
Mono: successfully reloaded assembly
- Finished resetting the current domain, in  1.789 seconds
Domain Reload Profiling: 3010ms
	BeginReloadAssembly (296ms)
		ExecutionOrderSort (0ms)
		DisableScriptedObjects (9ms)
		BackupInstance (0ms)
		ReleaseScriptingObjects (0ms)
		CreateAndSetChildDomain (62ms)
	RebuildCommonClasses (53ms)
	RebuildNativeTypeToScriptingClass (19ms)
	initialDomainReloadingComplete (47ms)
	LoadAllAssembliesAndSetupDomain (805ms)
		LoadAssemblies (649ms)
		RebuildTransferFunctionScriptingTraits (0ms)
		AnalyzeDomain (313ms)
			TypeCache.Refresh (9ms)
				TypeCache.ScanAssembly (0ms)
			BuildScriptInfoCaches (288ms)
			ResolveRequiredComponents (11ms)
	FinalizeReload (1790ms)
		ReleaseScriptCaches (0ms)
		RebuildScriptCaches (0ms)
		SetupLoadedEditorAssemblies (1455ms)
			LogAssemblyErrors (0ms)
			InitializePlatformSupportModulesInManaged (4ms)
			SetLoadedEditorAssemblies (12ms)
			BeforeProcessingInitializeOnLoad (272ms)
			ProcessInitializeOnLoadAttributes (995ms)
			ProcessInitializeOnLoadMethodAttributes (150ms)
			AfterProcessingInitializeOnLoad (21ms)
			EditorAssembliesLoaded (0ms)
		ExecutionOrderSort2 (0ms)
		AwakeInstancesAfterBackupRestoration (8ms)
Refreshing native plugins compatible for Editor in 2.00 ms, found 3 plugins.
Preloading 0 native plugins for Editor in 0.00 ms.
Unloading 29 Unused Serialized files (Serialized files now loaded: 0)
Unloading 5533 unused Assets / (5.8 MB). Loaded Objects now: 6187.
Memory consumption went from 164.7 MB to 158.9 MB.
Total: 14.463700 ms (FindLiveObjects: 0.746600 ms CreateObjectMapping: 0.849900 ms MarkObjects: 8.420100 ms  DeleteObjects: 4.445400 ms)

Prepare: number of updated asset objects reloaded= 0
========================================================================
Received Prepare
Begin MonoManager ReloadAssembly
- Loaded All Assemblies, in  1.295 seconds
Refreshing native plugins compatible for Editor in 1.58 ms, found 3 plugins.
Native extension for WindowsStandalone target not found
[MODES] ModeService[none].Initialize
[MODES] ModeService[none].LoadModes
Mono: successfully reloaded assembly
- Finished resetting the current domain, in  1.657 seconds
Domain Reload Profiling: 2943ms
	BeginReloadAssembly (300ms)
		ExecutionOrderSort (0ms)
		DisableScriptedObjects (12ms)
		BackupInstance (0ms)
		ReleaseScriptingObjects (0ms)
		CreateAndSetChildDomain (57ms)
	RebuildCommonClasses (53ms)
	RebuildNativeTypeToScriptingClass (18ms)
	initialDomainReloadingComplete (54ms)
	LoadAllAssembliesAndSetupDomain (860ms)
		LoadAssemblies (717ms)
		RebuildTransferFunctionScriptingTraits (0ms)
		AnalyzeDomain (308ms)
			TypeCache.Refresh (6ms)
				TypeCache.ScanAssembly (0ms)
			BuildScriptInfoCaches (291ms)
			ResolveRequiredComponents (8ms)
	FinalizeReload (1658ms)
		ReleaseScriptCaches (0ms)
		RebuildScriptCaches (0ms)
		SetupLoadedEditorAssemblies (1363ms)
			LogAssemblyErrors (0ms)
			InitializePlatformSupportModulesInManaged (4ms)
			SetLoadedEditorAssemblies (10ms)
			BeforeProcessingInitializeOnLoad (265ms)
			ProcessInitializeOnLoadAttributes (923ms)
			ProcessInitializeOnLoadMethodAttributes (139ms)
			AfterProcessingInitializeOnLoad (23ms)
			EditorAssembliesLoaded (0ms)
		ExecutionOrderSort2 (0ms)
		AwakeInstancesAfterBackupRestoration (8ms)
Refreshing native plugins compatible for Editor in 1.63 ms, found 3 plugins.
Preloading 0 native plugins for Editor in 0.00 ms.
Unloading 29 Unused Serialized files (Serialized files now loaded: 0)
Unloading 5533 unused Assets / (6.2 MB). Loaded Objects now: 6189.
Memory consumption went from 164.7 MB to 158.5 MB.
Total: 13.123700 ms (FindLiveObjects: 0.788500 ms CreateObjectMapping: 0.793000 ms MarkObjects: 7.503200 ms  DeleteObjects: 4.037500 ms)

Prepare: number of updated asset objects reloaded= 0
========================================================================
Received Import Request.
  Time since last request: 48.739035 seconds.
  path: Assets/Ork berserker/prefab/ork berserk prefab.prefab
  artifactKey: Guid(03228ebb154d829419e0ed3940352524) Importer(815301076,1909f56bfc062723c751e8b465ee728b)
Start importing Assets/Ork berserker/prefab/ork berserk prefab.prefab using Guid(03228ebb154d829419e0ed3940352524) Importer(815301076,1909f56bfc062723c751e8b465ee728b) (PreviewImporter) -> (artifact id: '9378757d416a29413db07c4dd895507d') in 0.1936687 seconds
Number of updated asset objects reloaded before import = 0Number of asset objects unloaded after import = 715

========================================================================
Received Import Request.
  Time since last request: 62.621601 seconds.
  path: Assets/3D Stylized Goblin(animations+)/Assets/Goblin.prefab
  artifactKey: Guid(78cb5f37aacadd94e8fa6c67f95637fb) Importer(815301076,1909f56bfc062723c751e8b465ee728b)
Start importing Assets/3D Stylized Goblin(animations+)/Assets/Goblin.prefab using Guid(78cb5f37aacadd94e8fa6c67f95637fb) Importer(815301076,1909f56bfc062723c751e8b465ee728b) (PreviewImporter) -> (artifact id: '45e31a11d4c8726c5f04cf033b29be70') in 0.2071421 seconds
Number of updated asset objects reloaded before import = 0Number of asset objects unloaded after import = 2053

========================================================================
Received Import Request.
  Time since last request: 8.449789 seconds.
  path: Assets/Ork berserker/prefab/ork berserk prefab.prefab
  artifactKey: Guid(03228ebb154d829419e0ed3940352524) Importer(815301076,1909f56bfc062723c751e8b465ee728b)
Start importing Assets/Ork berserker/prefab/ork berserk prefab.prefab using Guid(03228ebb154d829419e0ed3940352524) Importer(815301076,1909f56bfc062723c751e8b465ee728b) (PreviewImporter) -> (artifact id: 'f2abcb3ab2abf7de0cecbeeb858f8aed') in 0.1117293 seconds
Number of updated asset objects reloaded before import = 0Number of asset objects unloaded after import = 715

========================================================================
Received Prepare
Begin MonoManager ReloadAssembly
- Loaded All Assemblies, in  1.267 seconds
Refreshing native plugins compatible for Editor in 2.30 ms, found 3 plugins.
Native extension for WindowsStandalone target not found
[MODES] ModeService[none].Initialize
[MODES] ModeService[none].LoadModes
Mono: successfully reloaded assembly
- Finished resetting the current domain, in  1.759 seconds
Domain Reload Profiling: 3017ms
	BeginReloadAssembly (289ms)
		ExecutionOrderSort (0ms)
		DisableScriptedObjects (10ms)
		BackupInstance (0ms)
		ReleaseScriptingObjects (0ms)
		CreateAndSetChildDomain (59ms)
	RebuildCommonClasses (56ms)
	RebuildNativeTypeToScriptingClass (24ms)
	initialDomainReloadingComplete (48ms)
	LoadAllAssembliesAndSetupDomain (841ms)
		LoadAssemblies (713ms)
		RebuildTransferFunctionScriptingTraits (0ms)
		AnalyzeDomain (290ms)
			TypeCache.Refresh (7ms)
				TypeCache.ScanAssembly (0ms)
			BuildScriptInfoCaches (267ms)
			ResolveRequiredComponents (12ms)
	FinalizeReload (1760ms)
		ReleaseScriptCaches (0ms)
		RebuildScriptCaches (0ms)
		SetupLoadedEditorAssemblies (1435ms)
			LogAssemblyErrors (0ms)
			InitializePlatformSupportModulesInManaged (3ms)
			SetLoadedEditorAssemblies (11ms)
			BeforeProcessingInitializeOnLoad (269ms)
			ProcessInitializeOnLoadAttributes (978ms)
			ProcessInitializeOnLoadMethodAttributes (153ms)
			AfterProcessingInitializeOnLoad (20ms)
			EditorAssembliesLoaded (0ms)
		ExecutionOrderSort2 (0ms)
		AwakeInstancesAfterBackupRestoration (9ms)
Refreshing native plugins compatible for Editor in 1.88 ms, found 3 plugins.
Preloading 0 native plugins for Editor in 0.00 ms.
Unloading 29 Unused Serialized files (Serialized files now loaded: 0)
Unloading 5533 unused Assets / (5.6 MB). Loaded Objects now: 6191.
Memory consumption went from 166.0 MB to 160.4 MB.
Total: 13.547400 ms (FindLiveObjects: 0.716100 ms CreateObjectMapping: 0.777900 ms MarkObjects: 8.154000 ms  DeleteObjects: 3.898100 ms)

Prepare: number of updated asset objects reloaded= 0
========================================================================
Received Import Request.
  Time since last request: 189.266706 seconds.
  path: Assets/Ork berserker/prefab/ork berserk prefab.prefab
  artifactKey: Guid(03228ebb154d829419e0ed3940352524) Importer(815301076,1909f56bfc062723c751e8b465ee728b)
Start importing Assets/Ork berserker/prefab/ork berserk prefab.prefab using Guid(03228ebb154d829419e0ed3940352524) Importer(815301076,1909f56bfc062723c751e8b465ee728b) (PreviewImporter) -> (artifact id: 'fdac241d8a86b55aac903389f22c3798') in 0.4251413 seconds
Number of updated asset objects reloaded before import = 0Number of asset objects unloaded after import = 715

========================================================================
Received Import Request.
  Time since last request: 10.498393 seconds.
  path: Assets/3D Stylized Goblin(animations+)/Assets/Goblin.prefab
  artifactKey: Guid(78cb5f37aacadd94e8fa6c67f95637fb) Importer(815301076,1909f56bfc062723c751e8b465ee728b)
Start importing Assets/3D Stylized Goblin(animations+)/Assets/Goblin.prefab using Guid(78cb5f37aacadd94e8fa6c67f95637fb) Importer(815301076,1909f56bfc062723c751e8b465ee728b) (PreviewImporter) -> (artifact id: '4723e5c636d577f897aa2c9f311e5cf2') in 0.2123324 seconds
Number of updated asset objects reloaded before import = 0Number of asset objects unloaded after import = 2053

========================================================================
Received Import Request.
  Time since last request: 441.613052 seconds.
  path: Assets/icons
  artifactKey: Guid(ae1d432fc8c8b3c4893880cc16c43269) Importer(815301076,1909f56bfc062723c751e8b465ee728b)
Start importing Assets/icons using Guid(ae1d432fc8c8b3c4893880cc16c43269) Importer(815301076,1909f56bfc062723c751e8b465ee728b) (PreviewImporter) -> (artifact id: '78327cd2af779687f7381637025c1a91') in 0.0009693 seconds
Number of updated asset objects reloaded before import = 0Number of asset objects unloaded after import = 0

========================================================================
Received Import Request.
  Time since last request: 8.627543 seconds.
  path: Assets/icons/DALL_E_2025-01-14_22.26.41_-_An_animated-style_icon_without_background__representing_fire__a_vibrant_flame_with_red__orange__and_yellow_tones__dynamic_and_energetic._Designed_for_-removebg-preview.png
  artifactKey: Guid(1d5c893e7fbf54246835f380485f1775) Importer(815301076,1909f56bfc062723c751e8b465ee728b)
Start importing Assets/icons/DALL_E_2025-01-14_22.26.41_-_An_animated-style_icon_without_background__representing_fire__a_vibrant_flame_with_red__orange__and_yellow_tones__dynamic_and_energetic._Designed_for_-removebg-preview.png using Guid(1d5c893e7fbf54246835f380485f1775) Importer(815301076,1909f56bfc062723c751e8b465ee728b) (PreviewImporter) -> (artifact id: 'f68a3ae898151e54d61d82ad4d9038b5') in 0.0415614 seconds
Number of updated asset objects reloaded before import = 0Number of asset objects unloaded after import = 2

========================================================================
Received Import Request.
  Time since last request: 0.000029 seconds.
  path: Assets/icons/DALL_E_2025-01-14_22.26.47_-_An_animated-style_icon_without_background__representing_air__a_swirling_breeze_or_wind_gust_with_light_gray_or_white_tones__soft_and_airy._Designed_fo-removebg-preview.png
  artifactKey: Guid(4d32109aa9703414eb56f1012e32a09f) Importer(815301076,1909f56bfc062723c751e8b465ee728b)
Start importing Assets/icons/DALL_E_2025-01-14_22.26.47_-_An_animated-style_icon_without_background__representing_air__a_swirling_breeze_or_wind_gust_with_light_gray_or_white_tones__soft_and_airy._Designed_fo-removebg-preview.png using Guid(4d32109aa9703414eb56f1012e32a09f) Importer(815301076,1909f56bfc062723c751e8b465ee728b) (PreviewImporter) -> (artifact id: 'bdae846ba6604aa8aa649f9eb380c465') in 0.0199526 seconds
Number of updated asset objects reloaded before import = 0Number of asset objects unloaded after import = 2

========================================================================
Received Import Request.
  Time since last request: 0.000026 seconds.
  path: Assets/icons/DALL_E_2025-01-14_22.26.45_-_An_animated-style_icon_without_background__representing_earth__a_rock_or_clump_of_soil_with_green_grass__earthy_and_solid._Designed_for_a_256x256_pixe-removebg-preview.png
  artifactKey: Guid(33d013d5d4f02b44fba2c93304c61004) Importer(815301076,1909f56bfc062723c751e8b465ee728b)
Start importing Assets/icons/DALL_E_2025-01-14_22.26.45_-_An_animated-style_icon_without_background__representing_earth__a_rock_or_clump_of_soil_with_green_grass__earthy_and_solid._Designed_for_a_256x256_pixe-removebg-preview.png using Guid(33d013d5d4f02b44fba2c93304c61004) Importer(815301076,1909f56bfc062723c751e8b465ee728b) (PreviewImporter) -> (artifact id: '4fc4b7e37ed403e3733e1557ca4059b8') in 0.0211488 seconds
Number of updated asset objects reloaded before import = 0Number of asset objects unloaded after import = 2

========================================================================
Received Import Request.
  Time since last request: 108.707968 seconds.
  path: Assets/3D Stylized Goblin(animations+)/controlers/Attack1.controller
  artifactKey: Guid(a8782b72a44637e46842d20ccc01950a) Importer(815301076,1909f56bfc062723c751e8b465ee728b)
Start importing Assets/3D Stylized Goblin(animations+)/controlers/Attack1.controller using Guid(a8782b72a44637e46842d20ccc01950a) Importer(815301076,1909f56bfc062723c751e8b465ee728b) (PreviewImporter) -> (artifact id: '1f4a423ba1fdb4192bd0aa8cea892bb1') in 0.0031973 seconds
Number of updated asset objects reloaded before import = 0Number of asset objects unloaded after import = 4

========================================================================
Received Import Request.
  Time since last request: 4.694208 seconds.
  path: Assets/3D Stylized Goblin(animations+)/controlers/Attack2.controller
  artifactKey: Guid(e00e2d1e3f75481429155c1b588d2799) Importer(815301076,1909f56bfc062723c751e8b465ee728b)
Start importing Assets/3D Stylized Goblin(animations+)/controlers/Attack2.controller using Guid(e00e2d1e3f75481429155c1b588d2799) Importer(815301076,1909f56bfc062723c751e8b465ee728b) (PreviewImporter) -> (artifact id: 'e4e60a41274a7088987b8d921624c3b4') in 0.0040928 seconds
Number of updated asset objects reloaded before import = 0Number of asset objects unloaded after import = 4

========================================================================
Received Import Request.
  Time since last request: 3.917521 seconds.
  path: Assets/3D Stylized Goblin(animations+)/controlers/Damage.controller
  artifactKey: Guid(338219d23f162ae4f9dc031cd2ade80b) Importer(815301076,1909f56bfc062723c751e8b465ee728b)
Start importing Assets/3D Stylized Goblin(animations+)/controlers/Damage.controller using Guid(338219d23f162ae4f9dc031cd2ade80b) Importer(815301076,1909f56bfc062723c751e8b465ee728b) (PreviewImporter) -> (artifact id: '067c33424f4ce3ea312478ecde524adb') in 0.003524 seconds
Number of updated asset objects reloaded before import = 0Number of asset objects unloaded after import = 4

========================================================================
Received Import Request.
  Time since last request: 3.215858 seconds.
  path: Assets/3D Stylized Goblin(animations+)/controlers/Death.controller
  artifactKey: Guid(ff64ea73881b1df46bc449d055d1a8a5) Importer(815301076,1909f56bfc062723c751e8b465ee728b)
Start importing Assets/3D Stylized Goblin(animations+)/controlers/Death.controller using Guid(ff64ea73881b1df46bc449d055d1a8a5) Importer(815301076,1909f56bfc062723c751e8b465ee728b) (PreviewImporter) -> (artifact id: 'b4322fd156e170063d6d53caf093fdff') in 0.0028211 seconds
Number of updated asset objects reloaded before import = 0Number of asset objects unloaded after import = 4

========================================================================
Received Import Request.
  Time since last request: 3.180057 seconds.
  path: Assets/3D Stylized Goblin(animations+)/controlers/Idle.controller
  artifactKey: Guid(129d402d557d2c54a96f652d5d781e1b) Importer(815301076,1909f56bfc062723c751e8b465ee728b)
Start importing Assets/3D Stylized Goblin(animations+)/controlers/Idle.controller using Guid(129d402d557d2c54a96f652d5d781e1b) Importer(815301076,1909f56bfc062723c751e8b465ee728b) (PreviewImporter) -> (artifact id: 'b6557120ae21fcbc354278df2c734e26') in 0.003781 seconds
Number of updated asset objects reloaded before import = 0Number of asset objects unloaded after import = 4

========================================================================
Received Import Request.
  Time since last request: 3.965339 seconds.
  path: Assets/3D Stylized Goblin(animations+)/Scenes
  artifactKey: Guid(6ea315d0fd7389c41b19996891e99ae3) Importer(815301076,1909f56bfc062723c751e8b465ee728b)
Start importing Assets/3D Stylized Goblin(animations+)/Scenes using Guid(6ea315d0fd7389c41b19996891e99ae3) Importer(815301076,1909f56bfc062723c751e8b465ee728b) (PreviewImporter) -> (artifact id: 'ebc56a425f574277bef41ed2dd408776') in 0.0010098 seconds
Number of updated asset objects reloaded before import = 0Number of asset objects unloaded after import = 0

========================================================================
Received Import Request.
  Time since last request: 0.891628 seconds.
  path: Assets/3D Stylized Goblin(animations+)/Scenes/Goblin.unity
  artifactKey: Guid(146e600b14f1ab945a972583531c2369) Importer(815301076,1909f56bfc062723c751e8b465ee728b)
Start importing Assets/3D Stylized Goblin(animations+)/Scenes/Goblin.unity using Guid(146e600b14f1ab945a972583531c2369) Importer(815301076,1909f56bfc062723c751e8b465ee728b) (PreviewImporter) -> (artifact id: 'c17223ecd57f98ee8a37cd7fe3c0fca1') in 0.0006723 seconds
Number of updated asset objects reloaded before import = 0Number of asset objects unloaded after import = 0

========================================================================
Received Import Request.
  Time since last request: 2.716951 seconds.
  path: Assets/3D Stylized Goblin(animations+)/Textures
  artifactKey: Guid(0bbe6283348bd7444ad0b849ab40b8d0) Importer(815301076,1909f56bfc062723c751e8b465ee728b)
Start importing Assets/3D Stylized Goblin(animations+)/Textures using Guid(0bbe6283348bd7444ad0b849ab40b8d0) Importer(815301076,1909f56bfc062723c751e8b465ee728b) (PreviewImporter) -> (artifact id: '2ddc4745c259dd1c6dccdee7d98c3135') in 0.0007292 seconds
Number of updated asset objects reloaded before import = 0Number of asset objects unloaded after import = 0

========================================================================
Received Import Request.
  Time since last request: 0.745703 seconds.
  path: Assets/3D Stylized Goblin(animations+)/Textures/cloth
  artifactKey: Guid(5a85dc7a02f408643901ad74842bd6b6) Importer(815301076,1909f56bfc062723c751e8b465ee728b)
Start importing Assets/3D Stylized Goblin(animations+)/Textures/cloth using Guid(5a85dc7a02f408643901ad74842bd6b6) Importer(815301076,1909f56bfc062723c751e8b465ee728b) (PreviewImporter) -> (artifact id: 'a519e6712283d2440ab8a227aa18f821') in 0.0008515 seconds
Number of updated asset objects reloaded before import = 0Number of asset objects unloaded after import = 0

========================================================================
Received Import Request.
  Time since last request: 0.038770 seconds.
  path: Assets/3D Stylized Goblin(animations+)/Textures/cloth/cloth.mat
  artifactKey: Guid(31be2721246d2ba489bcf0d979de0fcc) Importer(815301076,1909f56bfc062723c751e8b465ee728b)
Start importing Assets/3D Stylized Goblin(animations+)/Textures/cloth/cloth.mat using Guid(31be2721246d2ba489bcf0d979de0fcc) Importer(815301076,1909f56bfc062723c751e8b465ee728b) (PreviewImporter) -> (artifact id: '657d883b3abb7219ea55d4eba2eb85ff') in 0.4901658 seconds
Number of updated asset objects reloaded before import = 0Number of asset objects unloaded after import = 8

========================================================================
Received Import Request.
  Time since last request: 24.210003 seconds.
  path: Assets/Ork berserker/ork berserker.unity
  artifactKey: Guid(b5dbbe542c17861408427b33418413ce) Importer(815301076,1909f56bfc062723c751e8b465ee728b)
Start importing Assets/Ork berserker/ork berserker.unity using Guid(b5dbbe542c17861408427b33418413ce) Importer(815301076,1909f56bfc062723c751e8b465ee728b) (PreviewImporter) -> (artifact id: '42d466baa906f2f3fd7c024fa61b7ac7') in 0.0008536 seconds
Number of updated asset objects reloaded before import = 0Number of asset objects unloaded after import = 0

========================================================================
Received Import Request.
  Time since last request: 2.614125 seconds.
  path: Assets/Ork berserker/ork berserkerSettings.lighting
  artifactKey: Guid(a98ee1afeef10e54380928c8052ccca5) Importer(815301076,1909f56bfc062723c751e8b465ee728b)
Start importing Assets/Ork berserker/ork berserkerSettings.lighting using Guid(a98ee1afeef10e54380928c8052ccca5) Importer(815301076,1909f56bfc062723c751e8b465ee728b) (PreviewImporter) -> (artifact id: '74439f3e5b314102b211a7baf75c987f') in 0.0015223 seconds
Number of updated asset objects reloaded before import = 0Number of asset objects unloaded after import = 1

========================================================================
Received Import Request.
  Time since last request: 3.289971 seconds.
  path: Assets/Ork berserker/animation/Materials
  artifactKey: Guid(a7c3d0a9c85bf064c9b022bc22bb4c42) Importer(815301076,1909f56bfc062723c751e8b465ee728b)
Start importing Assets/Ork berserker/animation/Materials using Guid(a7c3d0a9c85bf064c9b022bc22bb4c42) Importer(815301076,1909f56bfc062723c751e8b465ee728b) (PreviewImporter) -> (artifact id: '5539c91b6d3379f123e595ba06db4f72') in 0.0006407 seconds
Number of updated asset objects reloaded before import = 0Number of asset objects unloaded after import = 0

========================================================================
Received Import Request.
  Time since last request: 0.039087 seconds.
  path: Assets/Ork berserker/animation/Materials/lambert1.mat
  artifactKey: Guid(b5f3c386a1e412e4292aed7d5fb8b651) Importer(815301076,1909f56bfc062723c751e8b465ee728b)
Start importing Assets/Ork berserker/animation/Materials/lambert1.mat using Guid(b5f3c386a1e412e4292aed7d5fb8b651) Importer(815301076,1909f56bfc062723c751e8b465ee728b) (PreviewImporter) -> (artifact id: 'be3898a6e20895ad4e0c8702b4fcd4b5') in 0.0179124 seconds
Number of updated asset objects reloaded before import = 0Number of asset objects unloaded after import = 1

========================================================================
Received Import Request.
  Time since last request: 6.894810 seconds.
  path: Assets/Ork berserker/stand/Materials
  artifactKey: Guid(39c45f2254ec29041bc1f2835a0fa2d7) Importer(815301076,1909f56bfc062723c751e8b465ee728b)
Start importing Assets/Ork berserker/stand/Materials using Guid(39c45f2254ec29041bc1f2835a0fa2d7) Importer(815301076,1909f56bfc062723c751e8b465ee728b) (PreviewImporter) -> (artifact id: '36afe2e5c23668026d451c61ba4ccc57') in 0.0006688 seconds
Number of updated asset objects reloaded before import = 0Number of asset objects unloaded after import = 0

========================================================================
Received Import Request.
  Time since last request: 0.041177 seconds.
  path: Assets/Ork berserker/stand/Materials/Cylinder001Mat.mat
  artifactKey: Guid(3e1dfd2b0be1f9849853f31ed30dc1e8) Importer(815301076,1909f56bfc062723c751e8b465ee728b)
Start importing Assets/Ork berserker/stand/Materials/Cylinder001Mat.mat using Guid(3e1dfd2b0be1f9849853f31ed30dc1e8) Importer(815301076,1909f56bfc062723c751e8b465ee728b) (PreviewImporter) -> (artifact id: 'a86b47d6b7061a69aa832093f92937e3') in 0.0149024 seconds
Number of updated asset objects reloaded before import = 0Number of asset objects unloaded after import = 1

========================================================================
Received Import Request.
  Time since last request: 128.680435 seconds.
  path: Assets/icons/DALL_E_2025-01-14_22.26.45_-_An_animated-style_icon_without_background__representing_earth__a_rock_or_clump_of_soil_with_green_grass__earthy_and_solid._Designed_for_a_256x256_pixe-removebg-preview.png
  artifactKey: Guid(33d013d5d4f02b44fba2c93304c61004) Importer(815301076,1909f56bfc062723c751e8b465ee728b)
Start importing Assets/icons/DALL_E_2025-01-14_22.26.45_-_An_animated-style_icon_without_background__representing_earth__a_rock_or_clump_of_soil_with_green_grass__earthy_and_solid._Designed_for_a_256x256_pixe-removebg-preview.png using Guid(33d013d5d4f02b44fba2c93304c61004) Importer(815301076,1909f56bfc062723c751e8b465ee728b) (PreviewImporter) -> (artifact id: '265eef407cf9fc92a2dd894644dc0085') in 0.0209086 seconds
Number of updated asset objects reloaded before import = 0Number of asset objects unloaded after import = 2

========================================================================
Received Import Request.
  Time since last request: 6.599164 seconds.
  path: Assets/icons/DALL_E_2025-01-14_22.26.47_-_An_animated-style_icon_without_background__representing_air__a_swirling_breeze_or_wind_gust_with_light_gray_or_white_tones__soft_and_airy._Designed_fo-removebg-preview.png
  artifactKey: Guid(4d32109aa9703414eb56f1012e32a09f) Importer(815301076,1909f56bfc062723c751e8b465ee728b)
Start importing Assets/icons/DALL_E_2025-01-14_22.26.47_-_An_animated-style_icon_without_background__representing_air__a_swirling_breeze_or_wind_gust_with_light_gray_or_white_tones__soft_and_airy._Designed_fo-removebg-preview.png using Guid(4d32109aa9703414eb56f1012e32a09f) Importer(815301076,1909f56bfc062723c751e8b465ee728b) (PreviewImporter) -> (artifact id: 'ff5e6245bf0341ff21161f048c614dce') in 0.0159986 seconds
Number of updated asset objects reloaded before import = 0Number of asset objects unloaded after import = 2

========================================================================
Received Import Request.
  Time since last request: 5.279086 seconds.
  path: Assets/icons/DALL_E_2025-01-14_22.26.43_-_An_animated-style_icon_without_background__representing_water__a_wave_or_water_droplet_in_shades_of_blue__smooth_and_flowing._Designed_for_a_256x256_p-removebg-preview.png
  artifactKey: Guid(c245fd876dacd13498ad134f0b2eb608) Importer(815301076,1909f56bfc062723c751e8b465ee728b)
Start importing Assets/icons/DALL_E_2025-01-14_22.26.43_-_An_animated-style_icon_without_background__representing_water__a_wave_or_water_droplet_in_shades_of_blue__smooth_and_flowing._Designed_for_a_256x256_p-removebg-preview.png using Guid(c245fd876dacd13498ad134f0b2eb608) Importer(815301076,1909f56bfc062723c751e8b465ee728b) (PreviewImporter) -> (artifact id: '6ec5dc64a851dc8c95d63b5c4b7b0398') in 0.0166821 seconds
Number of updated asset objects reloaded before import = 0Number of asset objects unloaded after import = 2

========================================================================
Received Import Request.
  Time since last request: 4.241019 seconds.
  path: Assets/icons/DALL_E_2025-01-14_22.26.41_-_An_animated-style_icon_without_background__representing_fire__a_vibrant_flame_with_red__orange__and_yellow_tones__dynamic_and_energetic._Designed_for_-removebg-preview.png
  artifactKey: Guid(1d5c893e7fbf54246835f380485f1775) Importer(815301076,1909f56bfc062723c751e8b465ee728b)
Start importing Assets/icons/DALL_E_2025-01-14_22.26.41_-_An_animated-style_icon_without_background__representing_fire__a_vibrant_flame_with_red__orange__and_yellow_tones__dynamic_and_energetic._Designed_for_-removebg-preview.png using Guid(1d5c893e7fbf54246835f380485f1775) Importer(815301076,1909f56bfc062723c751e8b465ee728b) (PreviewImporter) -> (artifact id: '0379c39b2e8eae08cbf7f417a9d38525') in 0.0158198 seconds
Number of updated asset objects reloaded before import = 0Number of asset objects unloaded after import = 2

========================================================================
Received Prepare
Begin MonoManager ReloadAssembly
- Loaded All Assemblies, in  1.361 seconds
Refreshing native plugins compatible for Editor in 1.85 ms, found 3 plugins.
Native extension for WindowsStandalone target not found
[MODES] ModeService[none].Initialize
[MODES] ModeService[none].LoadModes
Mono: successfully reloaded assembly
- Finished resetting the current domain, in  1.797 seconds
Domain Reload Profiling: 3149ms
	BeginReloadAssembly (307ms)
		ExecutionOrderSort (0ms)
		DisableScriptedObjects (8ms)
		BackupInstance (0ms)
		ReleaseScriptingObjects (0ms)
		CreateAndSetChildDomain (65ms)
	RebuildCommonClasses (56ms)
	RebuildNativeTypeToScriptingClass (27ms)
	initialDomainReloadingComplete (52ms)
	LoadAllAssembliesAndSetupDomain (909ms)
		LoadAssemblies (753ms)
		RebuildTransferFunctionScriptingTraits (0ms)
		AnalyzeDomain (327ms)
			TypeCache.Refresh (9ms)
				TypeCache.ScanAssembly (0ms)
			BuildScriptInfoCaches (303ms)
			ResolveRequiredComponents (11ms)
	FinalizeReload (1798ms)
		ReleaseScriptCaches (0ms)
		RebuildScriptCaches (0ms)
		SetupLoadedEditorAssemblies (1460ms)
			LogAssemblyErrors (0ms)
			InitializePlatformSupportModulesInManaged (4ms)
			SetLoadedEditorAssemblies (11ms)
			BeforeProcessingInitializeOnLoad (269ms)
			ProcessInitializeOnLoadAttributes (1000ms)
			ProcessInitializeOnLoadMethodAttributes (153ms)
			AfterProcessingInitializeOnLoad (22ms)
			EditorAssembliesLoaded (0ms)
		ExecutionOrderSort2 (0ms)
		AwakeInstancesAfterBackupRestoration (9ms)
Refreshing native plugins compatible for Editor in 1.77 ms, found 3 plugins.
Preloading 0 native plugins for Editor in 0.00 ms.
Unloading 29 Unused Serialized files (Serialized files now loaded: 0)
Unloading 5533 unused Assets / (5.7 MB). Loaded Objects now: 6227.
Memory consumption went from 166.5 MB to 160.8 MB.
Total: 14.871900 ms (FindLiveObjects: 0.871200 ms CreateObjectMapping: 1.255300 ms MarkObjects: 8.622500 ms  DeleteObjects: 4.121400 ms)

Prepare: number of updated asset objects reloaded= 0
